4 30 bulbasaur
8 31 ivysaur
12 5 venusaur
33 12 charmander
5 23 charmeleon
1 38 charizard
37 0 squirtle
22 20 wartortle
4 34 blastoise
13 4 caterpie
4 17 metapod
7 23 butterfree
18 4 weedle
5 1 kakuna
3 22 beedrill
18 34 pidgey
10 15 pidgeotto
38 36 pidgeot
32 12 rattata
10 7 raticate
32 9 spearow
40 13 fearow
37 7 ekans
38 18 arbok
3 36 pikachu
38 26 raichu
8 2 sandshrew
22 31 sandslash
40 35 nidoranF
17 1 nidorina
16 41 nidoqueen
2 15 nidoranM
15 39 nidorino
26 7 nidoking
9 12 clefairy
41 34 clefable
19 9 vulpix
13 29 ninetales
34 9 jigglypuff
4 1 wigglytuff
5 38 zubat
3 16 golbat
21 15 oddish
3 30 gloom
19 19 vileplume
24 36 paras
0 26 parasect
1 6 venonat
8 23 venomoth
11 25 diglett
27 24 dugtrio
31 28 meowth
25 2 persian
41 0 psyduck
19 34 golduck
4 40 mankey
19 2 primeape
32 13 growlithe
17 0 arcanine
22 8 poliwag
36 41 poliwhirl
28 22 poliwrath
24 0 abra
38 5 kadabra
36 40 alakazam
3 1 machop
1 13 machoke
4 11 machamp
38 33 bellsprout
41 25 weepinbell
17 26 victreebel
18 21 tentacool
16 22 tentacruel
29 7 geodude
23 11 graveler
4 21 golem
37 12 ponyta
8 14 rapidash
18 18 slowpoke
18 30 slowbro
38 6 magnemite
8 33 magneton
11 37 farfetch
8 24 doduo
28 30 dodrio
39 26 seel
12 38 dewgong
34 36 grimer
34 30 muk
33 39 shellder
4 22 cloyster
6 40 gastly
36 16 haunter
29 6 gengar
14 20 onix
33 21 drowzee
16 0 hypno
31 8 krabby
17 14 kingler
23 24 voltorb
19 25 electrode
40 4 exeggcute
4 0 exeggutor
3 28 cubone
23 16 marowak
20 30 hitmonlee
7 10 hitmonchan
35 14 lickitung
15 9 koffing
19 26 weezing
8 37 rhyhorn
1 37 rhydon
4 37 chansey
23 19 tangela
24 2 kangaskhan
14 6 horsea
35 17 seadra
13 31 goldeen
2 16 seaking
36 4 staryu
40 8 starmie
2 22 mr_Mime
40 27 scyther
14 21 jynx
15 5 electabuzz
26 9 magmar
15 32 pinsir
8 18 tauros
37 32 magikarp
39 29 gyarados
36 28 lapras
31 26 ditto
5 26 eevee
0 19 vaporeon
3 33 jolteon
17 36 flareon
38 15 porygon
4 38 omanyte
3 31 omastar
4 36 kabuto
10 34 kabutops
12 0 aerodactyl
21 18 snorlax
20 12 articuno
11 11 zapdos
23 0 moltres
36 20 dratini
26 37 dragonair
31 2 dragonite
29 8 mewtwo
