=== Run information ===

Scheme:weka.classifiers.functions.LibSVM -S 0 -K 2 -D 3 -G 0.0 -R 0.0 -N 0.5 -M 40.0 -C 1.0 -E 0.001 -P 0.1 -seed 1
Relation:     PokeSet-weka.filters.supervised.attribute.Discretize-E-R3,16,17,18,19,20-weka.filters.unsupervised.attribute.ReplaceMissingValues-weka.filters.unsupervised.attribute.Remove-R1-2,4-15-weka.filters.unsupervised.attribute.Remove-R6-weka.filters.unsupervised.attribute.Remove-R1-3
Instances:    718
Attributes:   3
              Ability1
              Ability2
              class
Test mode:10-fold cross-validation

=== Classifier model (full training set) ===

LibSVM wrapper, original code by Yasser EL-Manzalawy (= WLSVM)

Time taken to build model: 4.8 seconds

=== Stratified cross-validation ===
=== Summary ===

Correctly Classified Instances         415               57.7994 %
Incorrectly Classified Instances       303               42.2006 %
Kappa statistic                          0.5392
Mean absolute error                      0.0469
Root mean squared error                  0.2165
Relative absolute error                 45.7767 %
Root relative squared error             95.7112 %
Total Number of Instances              718     

=== Detailed Accuracy By Class ===

               TP Rate   FP Rate   Precision   Recall  F-Measure   ROC Area  Class
                 0.712     0.005      0.94      0.712     0.81       0.854    Grass
                 0.565     0.004      0.897     0.565     0.693      0.78     Fire
                 0.667     0.039      0.745     0.667     0.704      0.814    Water
                 0.476     0.023      0.667     0.476     0.556      0.727    Bug
                 0.828     0.144      0.461     0.828     0.592      0.842    Normal
                 0.786     0.003      0.917     0.786     0.846      0.891    Poison
                 0.583     0.009      0.778     0.583     0.667      0.787    Electric
                 0.5       0.007      0.75      0.5       0.6        0.746    Ground
                 0.353     0.014      0.375     0.353     0.364      0.669    Fairy
                 0.56      0          1         0.56      0.718      0.78     Fighting
                 0.45      0.041      0.391     0.45      0.419      0.704    Rock
                 0.304     0.089      0.101     0.304     0.152      0.608    Ghost
                 0.5       0.061      0.359     0.5       0.418      0.719    Psychic
                 0.652     0.001      0.938     0.652     0.769      0.825    Ice
                 0.125     0.007      0.375     0.125     0.188      0.559    Dragon
                 0.429     0.004      0.8       0.429     0.558      0.712    Dark
                 0.409     0.007      0.643     0.409     0.5        0.701    Steel
                 0         0          0         0         0          0.5      Flying
Weighted Avg.    0.578     0.038      0.662     0.578     0.595      0.77 

=== Confusion Matrix ===

  a  b  c  d  e  f  g  h  i  j  k  l  m  n  o  p  q  r   <-- classified as
 47  1  2  1  6  0  0  1  0  0  1  3  3  0  1  0  0  0 |  a = Grass
  0 26  2  2  5  0  0  0  0  0  1  6  3  0  0  1  0  0 |  b = Fire
  2  0 70  2 22  0  0  0  1  0  0  3  3  0  2  0  0  0 |  c = Water
  0  2  3 30 18  0  1  0  1  0  4  1  2  0  0  1  0  0 |  d = Bug
  1  0  2  0 77  1  1  0  0  0  0  4  5  1  0  0  1  0 |  e = Normal
  0  0  0  1  1 22  0  0  0  0  0  3  1  0  0  0  0  0 |  f = Poison
  0  0  1  0  2  0 21  0  1  0  2  7  2  0  0  0  0  0 |  g = Electric
  0  0  1  0  6  0  1 15  0  0  3  1  1  0  2  0  0  0 |  h = Ground
  0  0  0  0  1  0  0  0  6  0  2  6  1  0  0  1  0  0 |  i = Fairy
  0  0  0  0  6  0  0  0  0 14  0  2  3  0  0  0  0  0 |  j = Fighting
  0  0  2  3  3  0  1  1  1  0 18  5  3  0  0  0  3  0 |  k = Rock
  0  0  0  0  2  0  0  0  2  0  3  7  9  0  0  0  0  0 |  l = Ghost
  0  0  4  2  4  0  1  0  1  0  3  8 23  0  0  0  0  0 |  m = Psychic
  0  0  2  0  1  0  0  0  0  0  1  3  0 15  0  0  1  0 |  n = Ice
  0  0  4  3  3  1  0  3  1  0  1  4  1  0  3  0  0  0 |  o = Dragon
  0  0  1  1  6  0  0  0  2  0  2  2  2  0  0 12  0  0 |  p = Dark
  0  0  0  0  4  0  0  0  0  0  5  3  1  0  0  0  9  0 |  q = Steel
  0  0  0  0  0  0  1  0  0  0  0  1  1  0  0  0  0  0 |  r = Flying

