=== Run information ===

Scheme:weka.classifiers.functions.LibSVM -S 0 -K 2 -D 3 -G 0.0 -R 0.0 -N 0.5 -M 40.0 -C 1.0 -E 0.001 -P 0.1 -seed 1
Relation:     PokeSet-weka.filters.unsupervised.attribute.ReplaceMissingValues
Instances:    718
Attributes:   21
              Height
              Weight
              Body
              CatchRate
              PerfSpeed
              PerfPower
              PerfSkill
              PerfStamina
              PerfJump
              BaseHp
              BaseAttack
              BaseDefense
              BaseSpAttack
              BaseSpDefense
              BaseSpeed
              Color
              Habitat
              Ability1
              Ability2
              Hidden
              class
Test mode:10-fold cross-validation

=== Classifier model (full training set) ===

LibSVM wrapper, original code by Yasser EL-Manzalawy (= WLSVM)

Time taken to build model: 3.84 seconds

=== Stratified cross-validation ===
=== Summary ===

Correctly Classified Instances         105               14.624  %
Incorrectly Classified Instances       613               85.376  %
Kappa statistic                          0.0004
Mean absolute error                      0.0949
Root mean squared error                  0.308 
Relative absolute error                 92.611  %
Root relative squared error            136.1356 %
Total Number of Instances              718     

=== Detailed Accuracy By Class ===

               TP Rate   FP Rate   Precision   Recall  F-Measure   ROC Area  Class
                 0         0.003      0         0         0          0.498    Grass
                 0         0          0         0         0          0.5      Fire
                 0.981     0.997      0.144     0.981     0.252      0.492    Water
                 0.032     0          1         0.032     0.062      0.516    Bug
                 0         0          0         0         0          0.5      Normal
                 0         0          0         0         0          0.5      Poison
                 0         0          0         0         0          0.5      Electric
                 0         0          0         0         0          0.5      Ground
                 0         0          0         0         0          0.5      Fairy
                 0         0          0         0         0          0.5      Fighting
                 0         0          0         0         0          0.5      Rock
                 0         0          0         0         0          0.5      Ghost
                 0         0          0         0         0          0.5      Psychic
                 0         0          0         0         0          0.5      Ice
                 0         0          0         0         0          0.5      Dragon
                 0         0          0         0         0          0.5      Dark
                 0         0          0         0         0          0.5      Steel
                 0         0          0         0         0          0.5      Flying
Weighted Avg.    0.146     0.146      0.109     0.146     0.042      0.5  

=== Confusion Matrix ===

   a   b   c   d   e   f   g   h   i   j   k   l   m   n   o   p   q   r   <-- classified as
   0   0  66   0   0   0   0   0   0   0   0   0   0   0   0   0   0   0 |   a = Grass
   0   0  46   0   0   0   0   0   0   0   0   0   0   0   0   0   0   0 |   b = Fire
   2   0 103   0   0   0   0   0   0   0   0   0   0   0   0   0   0   0 |   c = Water
   0   0  61   2   0   0   0   0   0   0   0   0   0   0   0   0   0   0 |   d = Bug
   0   0  93   0   0   0   0   0   0   0   0   0   0   0   0   0   0   0 |   e = Normal
   0   0  28   0   0   0   0   0   0   0   0   0   0   0   0   0   0   0 |   f = Poison
   0   0  36   0   0   0   0   0   0   0   0   0   0   0   0   0   0   0 |   g = Electric
   0   0  30   0   0   0   0   0   0   0   0   0   0   0   0   0   0   0 |   h = Ground
   0   0  17   0   0   0   0   0   0   0   0   0   0   0   0   0   0   0 |   i = Fairy
   0   0  25   0   0   0   0   0   0   0   0   0   0   0   0   0   0   0 |   j = Fighting
   0   0  40   0   0   0   0   0   0   0   0   0   0   0   0   0   0   0 |   k = Rock
   0   0  23   0   0   0   0   0   0   0   0   0   0   0   0   0   0   0 |   l = Ghost
   0   0  46   0   0   0   0   0   0   0   0   0   0   0   0   0   0   0 |   m = Psychic
   0   0  23   0   0   0   0   0   0   0   0   0   0   0   0   0   0   0 |   n = Ice
   0   0  24   0   0   0   0   0   0   0   0   0   0   0   0   0   0   0 |   o = Dragon
   0   0  28   0   0   0   0   0   0   0   0   0   0   0   0   0   0   0 |   p = Dark
   0   0  22   0   0   0   0   0   0   0   0   0   0   0   0   0   0   0 |   q = Steel
   0   0   3   0   0   0   0   0   0   0   0   0   0   0   0   0   0   0 |   r = Flying

