=== Run information ===

Scheme:weka.classifiers.functions.LibSVM -S 0 -K 2 -D 3 -G 0.0 -R 0.0 -N 0.5 -M 40.0 -C 1.0 -E 0.001 -P 0.1 -seed 1
Relation:     PokeSet-weka.filters.supervised.attribute.Discretize-E-R3,16,17,18,19,20-weka.filters.unsupervised.attribute.ReplaceMissingValues-weka.filters.unsupervised.attribute.Remove-R1-2,4-15
Instances:    718
Attributes:   7
              Body
              Color
              Habitat
              Ability1
              Ability2
              Hidden
              class
Test mode:10-fold cross-validation

=== Classifier model (full training set) ===

LibSVM wrapper, original code by Yasser EL-Manzalawy (= WLSVM)

Time taken to build model: 5.3 seconds

=== Stratified cross-validation ===
=== Summary ===

Correctly Classified Instances         359               50      %
Incorrectly Classified Instances       359               50      %
Kappa statistic                          0.4424
Mean absolute error                      0.0556
Root mean squared error                  0.2357
Relative absolute error                 54.2371 %
Root relative squared error            104.181  %
Total Number of Instances              718     

=== Detailed Accuracy By Class ===

               TP Rate   FP Rate   Precision   Recall  F-Measure   ROC Area  Class
                 0.606     0.021      0.741     0.606     0.667      0.792    Grass
                 0.565     0.018      0.684     0.565     0.619      0.774    Fire
                 0.629     0.065      0.623     0.629     0.626      0.782    Water
                 0.429     0.009      0.818     0.429     0.563      0.71     Bug
                 0.882     0.366      0.264     0.882     0.406      0.758    Normal
                 0.5       0          1         0.5       0.667      0.75     Poison
                 0.389     0.007      0.737     0.389     0.509      0.691    Electric
                 0.333     0          1         0.333     0.5        0.667    Ground
                 0.294     0.013      0.357     0.294     0.323      0.641    Fairy
                 0.36      0.001      0.9       0.36      0.514      0.679    Fighting
                 0.4       0.038      0.381     0.4       0.39       0.681    Rock
                 0.217     0.003      0.714     0.217     0.333      0.607    Ghost
                 0.413     0.015      0.655     0.413     0.507      0.699    Psychic
                 0.174     0.001      0.8       0.174     0.286      0.586    Ice
                 0.208     0.001      0.833     0.208     0.333      0.603    Dragon
                 0.357     0.001      0.909     0.357     0.513      0.678    Dark
                 0.318     0.003      0.778     0.318     0.452      0.658    Steel
                 0         0          0         0         0          0.5      Flying
Weighted Avg.    0.5       0.065      0.665     0.5       0.511      0.717

=== Confusion Matrix ===

  a  b  c  d  e  f  g  h  i  j  k  l  m  n  o  p  q  r   <-- classified as
 40  2  0  0 21  0  0  0  0  0  2  0  0  1  0  0  0  0 |  a = Grass
  1 26  1  1  9  0  0  0  4  0  2  0  2  0  0  0  0  0 |  b = Fire
  0  1 66  0 32  0  0  0  0  0  5  0  1  0  0  0  0  0 |  c = Water
  0  0  3 27 32  0  0  0  0  0  0  1  0  0  0  0  0  0 |  d = Bug
  2  0  4  1 82  0  0  0  2  0  1  0  0  0  1  0  0  0 |  e = Normal
  0  0  3  0 10 14  0  0  0  0  1  0  0  0  0  0  0  0 |  f = Poison
  0  1  1  1 11  0 14  0  3  0  1  0  3  0  0  0  1  0 |  g = Electric
  0  0  0  0 20  0  0 10  0  0  0  0  0  0  0  0  0  0 |  h = Ground
  3  2  0  0  4  0  2  0  5  0  1  0  0  0  0  0  0  0 |  i = Fairy
  1  2  0  0 12  0  0  0  0  9  0  0  1  0  0  0  0  0 |  j = Fighting
  2  1  5  1 13  0  0  0  0  0 16  1  0  0  0  0  1  0 |  k = Rock
  1  1  4  0  6  0  1  0  0  0  3  5  2  0  0  0  0  0 |  l = Ghost
  1  2  4  1 16  0  1  0  0  1  0  0 19  0  0  1  0  0 |  m = Psychic
  2  0  3  0 12  0  0  0  0  0  2  0  0  4  0  0  0  0 |  n = Ice
  0  0  4  1 11  0  0  0  0  0  3  0  0  0  5  0  0  0 |  o = Dragon
  0  0  5  0 12  0  0  0  0  0  0  0  1  0  0 10  0  0 |  p = Dark
  1  0  1  0  8  0  1  0  0  0  4  0  0  0  0  0  7  0 |  q = Steel
  0  0  2  0  0  0  0  0  0  0  1  0  0  0  0  0  0  0 |  r = Flying

