=== Run information ===

Scheme:weka.classifiers.functions.LibSVM -S 0 -K 2 -D 3 -G 0.0 -R 0.0 -N 0.5 -M 40.0 -C 1.0 -E 0.001 -P 0.1 -seed 1
Relation:     PokeSet-weka.filters.unsupervised.attribute.ReplaceMissingValues-weka.filters.unsupervised.attribute.Remove-R1-2,4-15,19-20
Instances:    718
Attributes:   5
              Body
              Color
              Habitat
              Ability1
              class
Test mode:10-fold cross-validation

=== Classifier model (full training set) ===

LibSVM wrapper, original code by Yasser EL-Manzalawy (= WLSVM)

Time taken to build model: 3.66 seconds

=== Stratified cross-validation ===
=== Summary ===

Correctly Classified Instances         393               54.7354 %
Incorrectly Classified Instances       325               45.2646 %
Kappa statistic                          0.4973
Mean absolute error                      0.0503
Root mean squared error                  0.2243
Relative absolute error                 49.1004 %
Root relative squared error             99.125  %
Total Number of Instances              718     

=== Detailed Accuracy By Class ===

               TP Rate   FP Rate   Precision   Recall  F-Measure   ROC Area  Class
                 0.576     0.031      0.655     0.576     0.613      0.773    Grass
                 0.63      0.025      0.63      0.63      0.63       0.803    Fire
                 0.743     0.083      0.605     0.743     0.667      0.83     Water
                 0.635     0.018      0.769     0.635     0.696      0.808    Bug
                 0.817     0.269      0.311     0.817     0.451      0.774    Normal
                 0.607     0          1         0.607     0.756      0.804    Poison
                 0.528     0.004      0.864     0.528     0.655      0.762    Electric
                 0.367     0.003      0.846     0.367     0.512      0.682    Ground
                 0.765     0.006      0.765     0.765     0.765      0.879    Fairy
                 0.4       0          1         0.4       0.571      0.7      Fighting
                 0.325     0.012      0.619     0.325     0.426      0.657    Rock
                 0.174     0.019      0.235     0.174     0.2        0.578    Ghost
                 0.391     0.018      0.6       0.391     0.474      0.687    Psychic
                 0.217     0.004      0.625     0.217     0.323      0.607    Ice
                 0.333     0.014      0.444     0.333     0.381      0.659    Dragon
                 0.357     0.001      0.909     0.357     0.513      0.678    Dark
                 0.182     0.001      0.8       0.182     0.296      0.59     Steel
                 0         0          0         0         0          0.5      Flying
Weighted Avg.    0.547     0.057      0.643     0.547     0.548      0.745

=== Confusion Matrix ===

  a  b  c  d  e  f  g  h  i  j  k  l  m  n  o  p  q  r   <-- classified as
 38  3  6  2 10  0  0  0  0  0  1  3  2  1  0  0  0  0 |  a = Grass
  2 29  1  1 12  0  0  0  0  0  1  0  0  0  0  0  0  0 |  b = Fire
  3  0 78  2 20  0  0  0  0  0  0  0  2  0  0  0  0  0 |  c = Water
  1  0  5 40 15  0  0  0  0  0  1  0  1  0  0  0  0  0 |  d = Bug
  3  6  4  1 76  0  0  1  1  0  0  0  0  0  1  0  0  0 |  e = Normal
  0  1  3  0  6 17  0  0  0  0  1  0  0  0  0  0  0  0 |  f = Poison
  0  0  4  1  9  0 19  0  0  0  0  1  0  0  2  0  0  0 |  g = Electric
  1  0  1  0 15  0  0 11  0  0  1  0  1  0  0  0  0  0 |  h = Ground
  0  0  0  0  3  0  0  0 13  0  0  1  0  0  0  0  0  0 |  i = Fairy
  0  0  2  0  8  0  0  0  2 10  1  1  1  0  0  0  0  0 |  j = Fighting
  1  4  5  1 11  0  0  1  0  0 13  0  1  0  2  0  1  0 |  k = Rock
  1  0  1  0 14  0  0  0  0  0  0  4  0  0  3  0  0  0 |  l = Ghost
  4  0  6  2 13  0  1  0  1  0  0  0 18  0  0  1  0  0 |  m = Psychic
  2  0  7  0  6  0  1  0  0  0  0  2  0  5  0  0  0  0 |  n = Ice
  1  0  1  0 11  0  0  0  0  0  0  3  0  0  8  0  0  0 |  o = Dragon
  0  0  2  0 12  0  0  0  0  0  0  1  3  0  0 10  0  0 |  p = Dark
  1  3  3  2  3  0  0  0  0  0  2  0  1  2  1  0  4  0 |  q = Steel
  0  0  0  0  0  0  1  0  0  0  0  1  0  0  1  0  0  0 |  r = Flying

